1517160434602	geckodriver	INFO	geckodriver 0.19.1
1517160434604	geckodriver	INFO	Listening on 127.0.0.1:48963
1517160435717	mozrunner::runner	INFO	Running command: "/usr/bin/firefox" "-marionette" "-profile" "/tmp/rust_mozprofile.G83d0GnYsSqy"
1517160436597	Marionette	INFO	Enabled via --marionette
console.error: PushService: 
  stateChangeProcessEnqueue: Error transitioning state
  UnknownError
1517160439954	Marionette	INFO	Listening on port 38505
1517160440321	Marionette	WARN	TLS certificate errors will be ignored for this session
1517160440378	Marionette	DEBUG	Register listener.js for window 2147483649
1517160440409	Marionette	DEBUG	Received DOM event "beforeunload" for "about:blank"
1517160440423	Marionette	DEBUG	Received DOM event "pagehide" for "about:blank"
1517160440423	Marionette	DEBUG	Received DOM event "unload" for "about:blank"
1517160440428	Marionette	DEBUG	Received DOM event "DOMContentLoaded" for "http://localhost:8000/"
1517160440482	Marionette	DEBUG	Received DOM event "pageshow" for "http://localhost:8000/"
*** UTM:SVC TimerManager:registerTimer called after profile-before-change notification. Ignoring timer registration for id: telemetry_modules_ping
1517160542000	geckodriver	INFO	geckodriver 0.19.1
1517160542002	geckodriver	INFO	Listening on 127.0.0.1:50833
1517160543094	mozrunner::runner	INFO	Running command: "/usr/bin/firefox" "-marionette" "-profile" "/tmp/rust_mozprofile.OS2XcMHa5MpA"
1517160544130	Marionette	INFO	Enabled via --marionette
console.error: PushService: 
  stateChangeProcessEnqueue: Error transitioning state
  UnknownError
1517160547428	Marionette	INFO	Listening on port 37215
1517160547766	Marionette	WARN	TLS certificate errors will be ignored for this session
1517160547824	Marionette	DEBUG	Register listener.js for window 2147483649
1517160547841	Marionette	DEBUG	Received DOM event "beforeunload" for "about:blank"
1517160547854	Marionette	DEBUG	Received DOM event "pagehide" for "about:blank"
1517160547855	Marionette	DEBUG	Received DOM event "unload" for "about:blank"
1517160547861	Marionette	DEBUG	Received DOM event "DOMContentLoaded" for "http://localhost:8000/"
1517160547913	Marionette	DEBUG	Received DOM event "pageshow" for "http://localhost:8000/"
*** UTM:SVC TimerManager:registerTimer called after profile-before-change notification. Ignoring timer registration for id: telemetry_modules_ping
1517160721019	geckodriver	INFO	geckodriver 0.19.1
1517160721022	geckodriver	INFO	Listening on 127.0.0.1:46195
1517160722136	mozrunner::runner	INFO	Running command: "/usr/bin/firefox" "-marionette" "-profile" "/tmp/rust_mozprofile.xeWEfW6QcPf4"
1517160722899	Marionette	INFO	Enabled via --marionette
console.error: PushService: 
  stateChangeProcessEnqueue: Error transitioning state
  UnknownError
1517160726231	Marionette	INFO	Listening on port 34451
1517160726254	Marionette	WARN	TLS certificate errors will be ignored for this session
1517160726302	Marionette	DEBUG	Register listener.js for window 2147483649
1517160726556	Marionette	DEBUG	Received DOM event "beforeunload" for "about:blank"
1517160726572	Marionette	DEBUG	Received DOM event "pagehide" for "about:blank"
1517160726572	Marionette	DEBUG	Received DOM event "unload" for "about:blank"
1517160726578	Marionette	DEBUG	Received DOM event "DOMContentLoaded" for "http://localhost:8000/"
1517160726634	Marionette	DEBUG	Received DOM event "pageshow" for "http://localhost:8000/"
1517164313357	geckodriver	INFO	geckodriver 0.19.1
1517164313361	geckodriver	INFO	Listening on 127.0.0.1:44715
1517164314478	mozrunner::runner	INFO	Running command: "/usr/bin/firefox" "-marionette" "-profile" "/tmp/rust_mozprofile.nx4yLsYFwcTV"
1517164315305	Marionette	INFO	Enabled via --marionette
console.error: PushService: 
  stateChangeProcessEnqueue: Error transitioning state
  UnknownError
1517164318860	Marionette	INFO	Listening on port 38055
1517164319097	Marionette	WARN	TLS certificate errors will be ignored for this session
1517164319162	Marionette	DEBUG	Register listener.js for window 2147483649
1517164319182	Marionette	DEBUG	Received DOM event "beforeunload" for "about:blank"
1517164319196	Marionette	DEBUG	Received DOM event "pagehide" for "about:blank"
1517164319196	Marionette	DEBUG	Received DOM event "unload" for "about:blank"
1517164319201	Marionette	DEBUG	Received DOM event "DOMContentLoaded" for "http://localhost:8000/"
1517164319261	Marionette	DEBUG	Received DOM event "pageshow" for "http://localhost:8000/"
1517164319285	addons.xpi	WARN	Exception running bootstrap method shutdown on activity-stream@mozilla.org: [Exception... "Component returned failure code: 0x80004005 (NS_ERROR_FAILURE) [nsIObserverService.removeObserver]"  nsresult: "0x80004005 (NS_ERROR_FAILURE)"  location: "JS frame :: resource://activity-stream/lib/SnippetsFeed.jsm :: uninit :: line 123"  data: no] Stack trace: uninit()@resource://activity-stream/lib/SnippetsFeed.jsm:123 < onAction()@resource://activity-stream/lib/SnippetsFeed.jsm:138 < _middleware/</<()@resource://activity-stream/lib/Store.jsm:52 < Store/this[method]()@resource://activity-stream/lib/Store.jsm:31 < uninit()@resource://activity-stream/lib/Store.jsm:151 < uninit()@resource://activity-stream/lib/ActivityStream.jsm:266 < uninit()@resource://gre/modules/addons/XPIProvider.jsm -> jar:file:///usr/lib/firefox/browser/features/activity-stream@mozilla.org.xpi!/bootstrap.js:80 < shutdown()@resource://gre/modules/addons/XPIProvider.jsm -> jar:file:///usr/lib/firefox/browser/features/activity-stream@mozilla.org.xpi!/bootstrap.js:196 < callBootstrapMethod()@resource://gre/modules/addons/XPIProvider.jsm:4509 < observe()@resource://gre/modules/addons/XPIProvider.jsm:2281 < GeckoDriver.prototype.quit()@driver.js:3307 < despatch()@server.js:553 < execute()@server.js:527 < onPacket/<()@server.js:502 < onPacket()@server.js:501 < _onJSONObjectReady/<()@transport.js:501
[Child 11434, Chrome_ChildThread] WARNING: pipe error (20): Connection reset by peer: file /build/firefox-itlqqH/firefox-57.0.4+build1/ipc/chromium/src/chrome/common/ipc_channel_posix.cc, line 353
[Child 11434, Chrome_ChildThread] WARNING: pipe error (3): Connection reset by peer: file /build/firefox-itlqqH/firefox-57.0.4+build1/ipc/chromium/src/chrome/common/ipc_channel_posix.cc, line 353
1517401629107	geckodriver	INFO	geckodriver 0.19.1
1517401629129	geckodriver	INFO	Listening on 127.0.0.1:48589
1517401630260	mozrunner::runner	INFO	Running command: "/usr/bin/firefox" "-marionette" "-profile" "/tmp/rust_mozprofile.SokrKqbvVmc4"
1517401635508	Marionette	INFO	Enabled via --marionette
1517401641115	Marionette	INFO	Listening on port 37045
1517401641212	Marionette	WARN	TLS certificate errors will be ignored for this session
console.error: PushService: 
  stateChangeProcessEnqueue: Error transitioning state
  UnknownError
1517401642436	addons.xpi	WARN	Exception running bootstrap method shutdown on activity-stream@mozilla.org: [Exception... "Component returned failure code: 0x80004005 (NS_ERROR_FAILURE) [nsIObserverService.removeObserver]"  nsresult: "0x80004005 (NS_ERROR_FAILURE)"  location: "JS frame :: resource://activity-stream/lib/SnippetsFeed.jsm :: uninit :: line 125"  data: no] Stack trace: uninit()@resource://activity-stream/lib/SnippetsFeed.jsm:125 < onAction()@resource://activity-stream/lib/SnippetsFeed.jsm:141 < _middleware/</<()@resource://activity-stream/lib/Store.jsm:51 < Store/this[method]()@resource://activity-stream/lib/Store.jsm:30 < uninit()@resource://activity-stream/lib/Store.jsm:153 < uninit()@resource://activity-stream/lib/ActivityStream.jsm:278 < uninit()@resource://gre/modules/addons/XPIProvider.jsm -> jar:file:///usr/lib/firefox/browser/features/activity-stream@mozilla.org.xpi!/bootstrap.js:80 < shutdown()@resource://gre/modules/addons/XPIProvider.jsm -> jar:file:///usr/lib/firefox/browser/features/activity-stream@mozilla.org.xpi!/bootstrap.js:196 < callBootstrapMethod()@resource://gre/modules/addons/XPIProvider.jsm:4406 < observe()@resource://gre/modules/addons/XPIProvider.jsm:2270 < GeckoDriver.prototype.quit()@driver.js:3381 < despatch()@server.js:560 < execute()@server.js:534 < onPacket/<()@server.js:509 < onPacket()@server.js:508 < _onJSONObjectReady/<()@transport.js:500
[Child 29438, Chrome_ChildThread] WARNING: pipe error (19): Connection reset by peer: file /build/firefox-iXzMln/firefox-58.0+build6/ipc/chromium/src/chrome/common/ipc_channel_posix.cc, line 353
[Child 29438, Chrome_ChildThread] WARNING: pipe error (3): Connection reset by peer: file /build/firefox-iXzMln/firefox-58.0+build6/ipc/chromium/src/chrome/common/ipc_channel_posix.cc, line 353
1517401699810	geckodriver	INFO	geckodriver 0.19.1
1517401699813	geckodriver	INFO	Listening on 127.0.0.1:46125
1517401700936	mozrunner::runner	INFO	Running command: "/usr/bin/firefox" "-marionette" "-profile" "/tmp/rust_mozprofile.70v5wIbFOgoN"
1517401701997	Marionette	INFO	Enabled via --marionette
1517401705430	Marionette	INFO	Listening on port 40997
1517401705464	Marionette	WARN	TLS certificate errors will be ignored for this session
1517401705798	addons.xpi	WARN	Exception running bootstrap method shutdown on activity-stream@mozilla.org: [Exception... "Component returned failure code: 0x80004005 (NS_ERROR_FAILURE) [nsIObserverService.removeObserver]"  nsresult: "0x80004005 (NS_ERROR_FAILURE)"  location: "JS frame :: resource://activity-stream/lib/SnippetsFeed.jsm :: uninit :: line 125"  data: no] Stack trace: uninit()@resource://activity-stream/lib/SnippetsFeed.jsm:125 < onAction()@resource://activity-stream/lib/SnippetsFeed.jsm:141 < _middleware/</<()@resource://activity-stream/lib/Store.jsm:51 < Store/this[method]()@resource://activity-stream/lib/Store.jsm:30 < uninit()@resource://activity-stream/lib/Store.jsm:153 < uninit()@resource://activity-stream/lib/ActivityStream.jsm:278 < uninit()@resource://gre/modules/addons/XPIProvider.jsm -> jar:file:///usr/lib/firefox/browser/features/activity-stream@mozilla.org.xpi!/bootstrap.js:80 < shutdown()@resource://gre/modules/addons/XPIProvider.jsm -> jar:file:///usr/lib/firefox/browser/features/activity-stream@mozilla.org.xpi!/bootstrap.js:196 < callBootstrapMethod()@resource://gre/modules/addons/XPIProvider.jsm:4406 < observe()@resource://gre/modules/addons/XPIProvider.jsm:2270 < GeckoDriver.prototype.quit()@driver.js:3381 < despatch()@server.js:560 < execute()@server.js:534 < onPacket/<()@server.js:509 < onPacket()@server.js:508 < _onJSONObjectReady/<()@transport.js:500
[Child 29669, Chrome_ChildThread] WARNING: pipe error (19): Connection reset by peer: file /build/firefox-iXzMln/firefox-58.0+build6/ipc/chromium/src/chrome/common/ipc_channel_posix.cc, line 353
[Child 29669, Chrome_ChildThread] WARNING: pipe error (3): Connection reset by peer: file /build/firefox-iXzMln/firefox-58.0+build6/ipc/chromium/src/chrome/common/ipc_channel_posix.cc, line 353
1517402878931	geckodriver	INFO	geckodriver 0.19.1
1517402878934	geckodriver	INFO	Listening on 127.0.0.1:41291
1517402880028	mozrunner::runner	INFO	Running command: "/usr/bin/firefox" "-marionette" "-profile" "/tmp/rust_mozprofile.IFIyj7K9jLyf"
1517402881095	Marionette	INFO	Enabled via --marionette
1517402884339	Marionette	INFO	Listening on port 43845
1517402884441	Marionette	WARN	TLS certificate errors will be ignored for this session
1517402884587	addons.xpi	WARN	Exception running bootstrap method shutdown on activity-stream@mozilla.org: [Exception... "Component returned failure code: 0x80004005 (NS_ERROR_FAILURE) [nsIObserverService.removeObserver]"  nsresult: "0x80004005 (NS_ERROR_FAILURE)"  location: "JS frame :: resource://activity-stream/lib/SnippetsFeed.jsm :: uninit :: line 125"  data: no] Stack trace: uninit()@resource://activity-stream/lib/SnippetsFeed.jsm:125 < onAction()@resource://activity-stream/lib/SnippetsFeed.jsm:141 < _middleware/</<()@resource://activity-stream/lib/Store.jsm:51 < Store/this[method]()@resource://activity-stream/lib/Store.jsm:30 < uninit()@resource://activity-stream/lib/Store.jsm:153 < uninit()@resource://activity-stream/lib/ActivityStream.jsm:278 < uninit()@resource://gre/modules/addons/XPIProvider.jsm -> jar:file:///usr/lib/firefox/browser/features/activity-stream@mozilla.org.xpi!/bootstrap.js:80 < shutdown()@resource://gre/modules/addons/XPIProvider.jsm -> jar:file:///usr/lib/firefox/browser/features/activity-stream@mozilla.org.xpi!/bootstrap.js:196 < callBootstrapMethod()@resource://gre/modules/addons/XPIProvider.jsm:4406 < observe()@resource://gre/modules/addons/XPIProvider.jsm:2270 < GeckoDriver.prototype.quit()@driver.js:3381 < despatch()@server.js:560 < execute()@server.js:534 < onPacket/<()@server.js:509 < onPacket()@server.js:508 < _onJSONObjectReady/<()@transport.js:500
1517404576547	geckodriver	INFO	geckodriver 0.19.1
1517404576550	geckodriver	INFO	Listening on 127.0.0.1:39029
1517404577641	mozrunner::runner	INFO	Running command: "/usr/bin/firefox" "-marionette" "-profile" "/tmp/rust_mozprofile.V636lGkRoIW9"
1517404578726	Marionette	INFO	Enabled via --marionette
1517404582086	Marionette	INFO	Listening on port 42207
1517404582155	Marionette	WARN	TLS certificate errors will be ignored for this session
1517404582339	addons.xpi	WARN	Exception running bootstrap method shutdown on activity-stream@mozilla.org: [Exception... "Component returned failure code: 0x80004005 (NS_ERROR_FAILURE) [nsIObserverService.removeObserver]"  nsresult: "0x80004005 (NS_ERROR_FAILURE)"  location: "JS frame :: resource://activity-stream/lib/SnippetsFeed.jsm :: uninit :: line 125"  data: no] Stack trace: uninit()@resource://activity-stream/lib/SnippetsFeed.jsm:125 < onAction()@resource://activity-stream/lib/SnippetsFeed.jsm:141 < _middleware/</<()@resource://activity-stream/lib/Store.jsm:51 < Store/this[method]()@resource://activity-stream/lib/Store.jsm:30 < uninit()@resource://activity-stream/lib/Store.jsm:153 < uninit()@resource://activity-stream/lib/ActivityStream.jsm:278 < uninit()@resource://gre/modules/addons/XPIProvider.jsm -> jar:file:///usr/lib/firefox/browser/features/activity-stream@mozilla.org.xpi!/bootstrap.js:80 < shutdown()@resource://gre/modules/addons/XPIProvider.jsm -> jar:file:///usr/lib/firefox/browser/features/activity-stream@mozilla.org.xpi!/bootstrap.js:196 < callBootstrapMethod()@resource://gre/modules/addons/XPIProvider.jsm:4406 < observe()@resource://gre/modules/addons/XPIProvider.jsm:2270 < GeckoDriver.prototype.quit()@driver.js:3381 < despatch()@server.js:560 < execute()@server.js:534 < onPacket/<()@server.js:509 < onPacket()@server.js:508 < _onJSONObjectReady/<()@transport.js:500
[Child 32334, Chrome_ChildThread] WARNING: pipe error (19): Connection reset by peer: file /build/firefox-iXzMln/firefox-58.0+build6/ipc/chromium/src/chrome/common/ipc_channel_posix.cc, line 353
1517404638361	geckodriver	INFO	geckodriver 0.19.1
1517404638363	geckodriver	INFO	Listening on 127.0.0.1:43505
1517404639455	mozrunner::runner	INFO	Running command: "/usr/bin/firefox" "-marionette" "-profile" "/tmp/rust_mozprofile.cvE59UXqxeJe"
1517404640474	Marionette	INFO	Enabled via --marionette
1517404643902	Marionette	INFO	Listening on port 38889
1517404643969	Marionette	WARN	TLS certificate errors will be ignored for this session
1517404644147	addons.xpi	WARN	Exception running bootstrap method shutdown on activity-stream@mozilla.org: [Exception... "Component returned failure code: 0x80004005 (NS_ERROR_FAILURE) [nsIObserverService.removeObserver]"  nsresult: "0x80004005 (NS_ERROR_FAILURE)"  location: "JS frame :: resource://activity-stream/lib/SnippetsFeed.jsm :: uninit :: line 125"  data: no] Stack trace: uninit()@resource://activity-stream/lib/SnippetsFeed.jsm:125 < onAction()@resource://activity-stream/lib/SnippetsFeed.jsm:141 < _middleware/</<()@resource://activity-stream/lib/Store.jsm:51 < Store/this[method]()@resource://activity-stream/lib/Store.jsm:30 < uninit()@resource://activity-stream/lib/Store.jsm:153 < uninit()@resource://activity-stream/lib/ActivityStream.jsm:278 < uninit()@resource://gre/modules/addons/XPIProvider.jsm -> jar:file:///usr/lib/firefox/browser/features/activity-stream@mozilla.org.xpi!/bootstrap.js:80 < shutdown()@resource://gre/modules/addons/XPIProvider.jsm -> jar:file:///usr/lib/firefox/browser/features/activity-stream@mozilla.org.xpi!/bootstrap.js:196 < callBootstrapMethod()@resource://gre/modules/addons/XPIProvider.jsm:4406 < observe()@resource://gre/modules/addons/XPIProvider.jsm:2270 < GeckoDriver.prototype.quit()@driver.js:3381 < despatch()@server.js:560 < execute()@server.js:534 < onPacket/<()@server.js:509 < onPacket()@server.js:508 < _onJSONObjectReady/<()@transport.js:500
[Child 32591, Chrome_ChildThread] WARNING: pipe error (19): Connection reset by peer: file /build/firefox-iXzMln/firefox-58.0+build6/ipc/chromium/src/chrome/common/ipc_channel_posix.cc, line 353
[Child 32591, Chrome_ChildThread] WARNING: pipe error (3): Connection reset by peer: file /build/firefox-iXzMln/firefox-58.0+build6/ipc/chromium/src/chrome/common/ipc_channel_posix.cc, line 353
1517404702832	geckodriver	INFO	geckodriver 0.19.1
1517404702835	geckodriver	INFO	Listening on 127.0.0.1:35465
1517404703930	mozrunner::runner	INFO	Running command: "/usr/bin/firefox" "-marionette" "-profile" "/tmp/rust_mozprofile.h68tlDZF8rpR"
1517404705270	Marionette	INFO	Enabled via --marionette
1517404708713	Marionette	INFO	Listening on port 42239
1517404708748	Marionette	WARN	TLS certificate errors will be ignored for this session
console.error: PushService: 
  stateChangeProcessEnqueue: Error transitioning state
  UnknownError
1517404710344	addons.xpi	WARN	Exception running bootstrap method shutdown on activity-stream@mozilla.org: [Exception... "Component returned failure code: 0x80004005 (NS_ERROR_FAILURE) [nsIObserverService.removeObserver]"  nsresult: "0x80004005 (NS_ERROR_FAILURE)"  location: "JS frame :: resource://activity-stream/lib/SnippetsFeed.jsm :: uninit :: line 125"  data: no] Stack trace: uninit()@resource://activity-stream/lib/SnippetsFeed.jsm:125 < onAction()@resource://activity-stream/lib/SnippetsFeed.jsm:141 < _middleware/</<()@resource://activity-stream/lib/Store.jsm:51 < Store/this[method]()@resource://activity-stream/lib/Store.jsm:30 < uninit()@resource://activity-stream/lib/Store.jsm:153 < uninit()@resource://activity-stream/lib/ActivityStream.jsm:278 < uninit()@resource://gre/modules/addons/XPIProvider.jsm -> jar:file:///usr/lib/firefox/browser/features/activity-stream@mozilla.org.xpi!/bootstrap.js:80 < shutdown()@resource://gre/modules/addons/XPIProvider.jsm -> jar:file:///usr/lib/firefox/browser/features/activity-stream@mozilla.org.xpi!/bootstrap.js:196 < callBootstrapMethod()@resource://gre/modules/addons/XPIProvider.jsm:4406 < observe()@resource://gre/modules/addons/XPIProvider.jsm:2270 < GeckoDriver.prototype.quit()@driver.js:3381 < despatch()@server.js:560 < execute()@server.js:534 < onPacket/<()@server.js:509 < onPacket()@server.js:508 < _onJSONObjectReady/<()@transport.js:500
[Child 381, Chrome_ChildThread] WARNING: pipe error (19): Connection reset by peer: file /build/firefox-iXzMln/firefox-58.0+build6/ipc/chromium/src/chrome/common/ipc_channel_posix.cc, line 353
[Child 435, Chrome_ChildThread] WARNING: pipe error (3): Connection reset by peer: file /build/firefox-iXzMln/firefox-58.0+build6/ipc/chromium/src/chrome/common/ipc_channel_posix.cc, line 353
[Child 381, Chrome_ChildThread] WARNING: pipe error (3): Connection reset by peer: file /build/firefox-iXzMln/firefox-58.0+build6/ipc/chromium/src/chrome/common/ipc_channel_posix.cc, line 353
1517404793514	geckodriver	INFO	geckodriver 0.19.1
1517404793517	geckodriver	INFO	Listening on 127.0.0.1:46327
1517404794625	mozrunner::runner	INFO	Running command: "/usr/bin/firefox" "-marionette" "-profile" "/tmp/rust_mozprofile.enQytgpmvO1X"
1517404795632	Marionette	INFO	Enabled via --marionette
1517404799310	Marionette	INFO	Listening on port 34195
1517404799347	Marionette	WARN	TLS certificate errors will be ignored for this session
console.error: PushService: 
  stateChangeProcessEnqueue: Error transitioning state
  UnknownError
1517404801084	addons.xpi	WARN	Exception running bootstrap method shutdown on activity-stream@mozilla.org: [Exception... "Component returned failure code: 0x80004005 (NS_ERROR_FAILURE) [nsIObserverService.removeObserver]"  nsresult: "0x80004005 (NS_ERROR_FAILURE)"  location: "JS frame :: resource://activity-stream/lib/SnippetsFeed.jsm :: uninit :: line 125"  data: no] Stack trace: uninit()@resource://activity-stream/lib/SnippetsFeed.jsm:125 < onAction()@resource://activity-stream/lib/SnippetsFeed.jsm:141 < _middleware/</<()@resource://activity-stream/lib/Store.jsm:51 < Store/this[method]()@resource://activity-stream/lib/Store.jsm:30 < uninit()@resource://activity-stream/lib/Store.jsm:153 < uninit()@resource://activity-stream/lib/ActivityStream.jsm:278 < uninit()@resource://gre/modules/addons/XPIProvider.jsm -> jar:file:///usr/lib/firefox/browser/features/activity-stream@mozilla.org.xpi!/bootstrap.js:80 < shutdown()@resource://gre/modules/addons/XPIProvider.jsm -> jar:file:///usr/lib/firefox/browser/features/activity-stream@mozilla.org.xpi!/bootstrap.js:196 < callBootstrapMethod()@resource://gre/modules/addons/XPIProvider.jsm:4406 < observe()@resource://gre/modules/addons/XPIProvider.jsm:2270 < GeckoDriver.prototype.quit()@driver.js:3381 < despatch()@server.js:560 < execute()@server.js:534 < onPacket/<()@server.js:509 < onPacket()@server.js:508 < _onJSONObjectReady/<()@transport.js:500
[Child 650, Chrome_ChildThread] WARNING: pipe error (19): Connection reset by peer: file /build/firefox-iXzMln/firefox-58.0+build6/ipc/chromium/src/chrome/common/ipc_channel_posix.cc, line 353
[Child 650, Chrome_ChildThread] WARNING: pipe error (3): Connection reset by peer: file /build/firefox-iXzMln/firefox-58.0+build6/ipc/chromium/src/chrome/common/ipc_channel_posix.cc, line 353
1517404894101	geckodriver	INFO	geckodriver 0.19.1
1517404894103	geckodriver	INFO	Listening on 127.0.0.1:60821
1517404895227	mozrunner::runner	INFO	Running command: "/usr/bin/firefox" "-marionette" "-profile" "/tmp/rust_mozprofile.jud1ZjTZNX2s"
1517404896244	Marionette	INFO	Enabled via --marionette
1517404899736	Marionette	INFO	Listening on port 38267
1517404899745	Marionette	WARN	TLS certificate errors will be ignored for this session
1517404901045	addons.xpi	WARN	Exception running bootstrap method shutdown on activity-stream@mozilla.org: [Exception... "Component returned failure code: 0x80004005 (NS_ERROR_FAILURE) [nsIObserverService.removeObserver]"  nsresult: "0x80004005 (NS_ERROR_FAILURE)"  location: "JS frame :: resource://activity-stream/lib/SnippetsFeed.jsm :: uninit :: line 125"  data: no] Stack trace: uninit()@resource://activity-stream/lib/SnippetsFeed.jsm:125 < onAction()@resource://activity-stream/lib/SnippetsFeed.jsm:141 < _middleware/</<()@resource://activity-stream/lib/Store.jsm:51 < Store/this[method]()@resource://activity-stream/lib/Store.jsm:30 < uninit()@resource://activity-stream/lib/Store.jsm:153 < uninit()@resource://activity-stream/lib/ActivityStream.jsm:278 < uninit()@resource://gre/modules/addons/XPIProvider.jsm -> jar:file:///usr/lib/firefox/browser/features/activity-stream@mozilla.org.xpi!/bootstrap.js:80 < shutdown()@resource://gre/modules/addons/XPIProvider.jsm -> jar:file:///usr/lib/firefox/browser/features/activity-stream@mozilla.org.xpi!/bootstrap.js:196 < callBootstrapMethod()@resource://gre/modules/addons/XPIProvider.jsm:4406 < observe()@resource://gre/modules/addons/XPIProvider.jsm:2270 < GeckoDriver.prototype.quit()@driver.js:3381 < despatch()@server.js:560 < execute()@server.js:534 < onPacket/<()@server.js:509 < onPacket()@server.js:508 < _onJSONObjectReady/<()@transport.js:500
[Child 936, Chrome_ChildThread] WARNING: pipe error (3): Connection reset by peer: file /build/firefox-iXzMln/firefox-58.0+build6/ipc/chromium/src/chrome/common/ipc_channel_posix.cc, line 353
1518012854046	geckodriver	INFO	geckodriver 0.19.1
1518012854064	geckodriver	INFO	Listening on 127.0.0.1:40075
1518012855178	mozrunner::runner	INFO	Running command: "/usr/bin/firefox" "-marionette" "-profile" "/tmp/rust_mozprofile.8Z63sM8wPbLC"
1518012856730	Marionette	INFO	Enabled via --marionette
1518012860604	Marionette	INFO	Listening on port 41893
1518012860694	Marionette	WARN	TLS certificate errors will be ignored for this session
console.error: PushService: 
  stateChangeProcessEnqueue: Error transitioning state
  UnknownError
[Child 5949, Chrome_ChildThread] WARNING: pipe error (19): Connection reset by peer: file /build/firefox-iXzMln/firefox-58.0+build6/ipc/chromium/src/chrome/common/ipc_channel_posix.cc, line 353
[Child 5949, Chrome_ChildThread] WARNING: pipe error (3): Connection reset by peer: file /build/firefox-iXzMln/firefox-58.0+build6/ipc/chromium/src/chrome/common/ipc_channel_posix.cc, line 353
1518012939725	geckodriver	INFO	geckodriver 0.19.1
1518012939729	geckodriver	INFO	Listening on 127.0.0.1:55915
1518012940868	mozrunner::runner	INFO	Running command: "/usr/bin/firefox" "-marionette" "-profile" "/tmp/rust_mozprofile.gAkrqVxMn81k"
1518012941931	Marionette	INFO	Enabled via --marionette
1518012945153	Marionette	INFO	Listening on port 39743
1518012945188	Marionette	WARN	TLS certificate errors will be ignored for this session
console.error: PushService: 
  stateChangeProcessEnqueue: Error transitioning state
  UnknownError
[Child 6178, Chrome_ChildThread] WARNING: pipe error (23): Connection reset by peer: file /build/firefox-iXzMln/firefox-58.0+build6/ipc/chromium/src/chrome/common/ipc_channel_posix.cc, line 353
[Child 6178, Chrome_ChildThread] WARNING: pipe error (35): Connection reset by peer: file /build/firefox-iXzMln/firefox-58.0+build6/ipc/chromium/src/chrome/common/ipc_channel_posix.cc, line 353
[Child 6178, Chrome_ChildThread] WARNING: pipe error (3): Connection reset by peer: file /build/firefox-iXzMln/firefox-58.0+build6/ipc/chromium/src/chrome/common/ipc_channel_posix.cc, line 353
1518013002808	geckodriver	INFO	geckodriver 0.19.1
1518013002811	geckodriver	INFO	Listening on 127.0.0.1:59839
1518013003927	mozrunner::runner	INFO	Running command: "/usr/bin/firefox" "-marionette" "-profile" "/tmp/rust_mozprofile.3TgM39ejmEhH"
1518013004949	Marionette	INFO	Enabled via --marionette
1518013008296	Marionette	INFO	Listening on port 42093
1518013008342	Marionette	WARN	TLS certificate errors will be ignored for this session
console.error: PushService: 
  stateChangeProcessEnqueue: Error transitioning state
  UnknownError
[Child 6387, Chrome_ChildThread] WARNING: pipe error (3): Connection reset by peer: file /build/firefox-iXzMln/firefox-58.0+build6/ipc/chromium/src/chrome/common/ipc_channel_posix.cc, line 353
1518013060450	geckodriver	INFO	geckodriver 0.19.1
1518013060453	geckodriver	INFO	Listening on 127.0.0.1:58509
1518013061546	mozrunner::runner	INFO	Running command: "/usr/bin/firefox" "-marionette" "-profile" "/tmp/rust_mozprofile.aRKVnIAR7Pni"
1518013062571	Marionette	INFO	Enabled via --marionette
1518013065785	Marionette	INFO	Listening on port 34145
1518013065861	Marionette	WARN	TLS certificate errors will be ignored for this session
console.error: PushService: 
  stateChangeProcessEnqueue: Error transitioning state
  UnknownError
[Child 6595, Chrome_ChildThread] WARNING: pipe error (21): Connection reset by peer: file /build/firefox-iXzMln/firefox-58.0+build6/ipc/chromium/src/chrome/common/ipc_channel_posix.cc, line 353
[Child 6595, Chrome_ChildThread] WARNING: pipe error (3): Connection reset by peer: file /build/firefox-iXzMln/firefox-58.0+build6/ipc/chromium/src/chrome/common/ipc_channel_posix.cc, line 353
1518013437907	geckodriver	INFO	geckodriver 0.19.1
1518013437910	geckodriver	INFO	Listening on 127.0.0.1:42171
1518013439026	mozrunner::runner	INFO	Running command: "/usr/bin/firefox" "-marionette" "-profile" "/tmp/rust_mozprofile.maeoNCcgFR8G"
1518013440547	Marionette	INFO	Enabled via --marionette
1518013444014	Marionette	INFO	Listening on port 39095
1518013444045	Marionette	WARN	TLS certificate errors will be ignored for this session
console.error: PushService: 
  stateChangeProcessEnqueue: Error transitioning state
  UnknownError
[Child 7002, Chrome_ChildThread] WARNING: pipe error (21): Connection reset by peer: file /build/firefox-iXzMln/firefox-58.0+build6/ipc/chromium/src/chrome/common/ipc_channel_posix.cc, line 353
[Child 7002, Chrome_ChildThread] WARNING: pipe error (3): Connection reset by peer: file /build/firefox-iXzMln/firefox-58.0+build6/ipc/chromium/src/chrome/common/ipc_channel_posix.cc, line 353
1518013602938	geckodriver	INFO	geckodriver 0.19.1
1518013602941	geckodriver	INFO	Listening on 127.0.0.1:51745
1518013604033	mozrunner::runner	INFO	Running command: "/usr/bin/firefox" "-marionette" "-profile" "/tmp/rust_mozprofile.aYwTfVVtpNSP"
1518013605016	Marionette	INFO	Enabled via --marionette
JavaScript error: resource://onboarding/onboarding.js, line 18: NS_ERROR_UNEXPECTED: Component returned failure code: 0x8000ffff (NS_ERROR_UNEXPECTED) [nsIStringBundle.GetStringFromName]
1518013608556	Marionette	INFO	Listening on port 40871
1518013608647	Marionette	WARN	TLS certificate errors will be ignored for this session
console.error: PushService: 
  stateChangeProcessEnqueue: Error transitioning state
  UnknownError
[Child 7254, Chrome_ChildThread] WARNING: pipe error (24): Connection reset by peer: file /build/firefox-iXzMln/firefox-58.0+build6/ipc/chromium/src/chrome/common/ipc_channel_posix.cc, line 353
[Child 7254, Chrome_ChildThread] WARNING: pipe error (3): Connection reset by peer: file /build/firefox-iXzMln/firefox-58.0+build6/ipc/chromium/src/chrome/common/ipc_channel_posix.cc, line 353
1518013672928	geckodriver	INFO	geckodriver 0.19.1
1518013672932	geckodriver	INFO	Listening on 127.0.0.1:36751
1518013674049	mozrunner::runner	INFO	Running command: "/usr/bin/firefox" "-marionette" "-profile" "/tmp/rust_mozprofile.gnNE6OtZ0j9l"
1518013674988	Marionette	INFO	Enabled via --marionette
1518013678228	Marionette	INFO	Listening on port 35763
1518013678262	Marionette	WARN	TLS certificate errors will be ignored for this session
console.error: PushService: 
  stateChangeProcessEnqueue: Error transitioning state
  UnknownError
[Child 7464, Chrome_ChildThread] WARNING: pipe error (19): Connection reset by peer: file /build/firefox-iXzMln/firefox-58.0+build6/ipc/chromium/src/chrome/common/ipc_channel_posix.cc, line 353
[Child 7464, Chrome_ChildThread] WARNING: pipe error (3): Connection reset by peer: file /build/firefox-iXzMln/firefox-58.0+build6/ipc/chromium/src/chrome/common/ipc_channel_posix.cc, line 353
1518016804246	geckodriver	INFO	geckodriver 0.19.1
1518016804249	geckodriver	INFO	Listening on 127.0.0.1:55339
1518016805361	mozrunner::runner	INFO	Running command: "/usr/bin/firefox" "-marionette" "-profile" "/tmp/rust_mozprofile.kpuhGXkC8ppj"
1518016806535	Marionette	INFO	Enabled via --marionette
1518016809934	Marionette	INFO	Listening on port 41817
1518016809979	Marionette	WARN	TLS certificate errors will be ignored for this session
console.error: PushService: 
  stateChangeProcessEnqueue: Error transitioning state
  UnknownError
[Child 11988, Chrome_ChildThread] WARNING: pipe error (23): Connection reset by peer: file /build/firefox-iXzMln/firefox-58.0+build6/ipc/chromium/src/chrome/common/ipc_channel_posix.cc, line 353
[Child 11988, Chrome_ChildThread] WARNING: pipe error (3): Connection reset by peer: file /build/firefox-iXzMln/firefox-58.0+build6/ipc/chromium/src/chrome/common/ipc_channel_posix.cc, line 353
[GFX1-]: Receive IPC close with reason=AbnormalShutdown
1518016887379	geckodriver	INFO	geckodriver 0.19.1
1518016887383	geckodriver	INFO	Listening on 127.0.0.1:46649
1518016888476	mozrunner::runner	INFO	Running command: "/usr/bin/firefox" "-marionette" "-profile" "/tmp/rust_mozprofile.JBBtqMipojMD"
1518016889358	Marionette	INFO	Enabled via --marionette
1518016892661	Marionette	INFO	Listening on port 42367
1518016892695	Marionette	WARN	TLS certificate errors will be ignored for this session
console.error: PushService: 
  stateChangeProcessEnqueue: Error transitioning state
  UnknownError
[Child 12224, Chrome_ChildThread] WARNING: pipe error (21): Connection reset by peer: file /build/firefox-iXzMln/firefox-58.0+build6/ipc/chromium/src/chrome/common/ipc_channel_posix.cc, line 353
[Child 12224, Chrome_ChildThread] WARNING: pipe error (3): Connection reset by peer: file /build/firefox-iXzMln/firefox-58.0+build6/ipc/chromium/src/chrome/common/ipc_channel_posix.cc, line 353
1518016940282	geckodriver	INFO	geckodriver 0.19.1
1518016940284	geckodriver	INFO	Listening on 127.0.0.1:33563
1518016941379	mozrunner::runner	INFO	Running command: "/usr/bin/firefox" "-marionette" "-profile" "/tmp/rust_mozprofile.A3vUBHiciqgw"
1518016942351	Marionette	INFO	Enabled via --marionette
1518016945540	Marionette	INFO	Listening on port 37271
1518016945601	Marionette	WARN	TLS certificate errors will be ignored for this session
console.error: PushService: 
  stateChangeProcessEnqueue: Error transitioning state
  UnknownError
1518017145040	geckodriver	INFO	geckodriver 0.19.1
1518017145043	geckodriver	INFO	Listening on 127.0.0.1:53773
1518017146164	mozrunner::runner	INFO	Running command: "/usr/bin/firefox" "-marionette" "-profile" "/tmp/rust_mozprofile.hutlJdN8jn1N"
1518017147173	Marionette	INFO	Enabled via --marionette
1518017150327	Marionette	INFO	Listening on port 37789
1518017150378	Marionette	WARN	TLS certificate errors will be ignored for this session
console.error: PushService: 
  stateChangeProcessEnqueue: Error transitioning state
  UnknownError
[Child 12698, Chrome_ChildThread] WARNING: pipe error (3): Connection reset by peer: file /build/firefox-iXzMln/firefox-58.0+build6/ipc/chromium/src/chrome/common/ipc_channel_posix.cc, line 353
[GFX1-]: Receive IPC close with reason=AbnormalShutdown
1518017750765	geckodriver	INFO	geckodriver 0.19.1
1518017750767	geckodriver	INFO	Listening on 127.0.0.1:53729
1518017751859	mozrunner::runner	INFO	Running command: "/usr/bin/firefox" "-marionette" "-profile" "/tmp/rust_mozprofile.LyQKfIRJVNgI"
1518017753088	Marionette	INFO	Enabled via --marionette
1518017756399	Marionette	INFO	Listening on port 41645
1518017756481	Marionette	WARN	TLS certificate errors will be ignored for this session
console.error: PushService: 
  stateChangeProcessEnqueue: Error transitioning state
  UnknownError
1518017758174	addons.xpi	WARN	Exception running bootstrap method shutdown on activity-stream@mozilla.org: [Exception... "Component returned failure code: 0x80004005 (NS_ERROR_FAILURE) [nsIObserverService.removeObserver]"  nsresult: "0x80004005 (NS_ERROR_FAILURE)"  location: "JS frame :: resource://activity-stream/lib/SnippetsFeed.jsm :: uninit :: line 125"  data: no] Stack trace: uninit()@resource://activity-stream/lib/SnippetsFeed.jsm:125 < onAction()@resource://activity-stream/lib/SnippetsFeed.jsm:141 < _middleware/</<()@resource://activity-stream/lib/Store.jsm:51 < Store/this[method]()@resource://activity-stream/lib/Store.jsm:30 < uninit()@resource://activity-stream/lib/Store.jsm:153 < uninit()@resource://activity-stream/lib/ActivityStream.jsm:278 < uninit()@resource://gre/modules/addons/XPIProvider.jsm -> jar:file:///usr/lib/firefox/browser/features/activity-stream@mozilla.org.xpi!/bootstrap.js:80 < shutdown()@resource://gre/modules/addons/XPIProvider.jsm -> jar:file:///usr/lib/firefox/browser/features/activity-stream@mozilla.org.xpi!/bootstrap.js:196 < callBootstrapMethod()@resource://gre/modules/addons/XPIProvider.jsm:4406 < observe()@resource://gre/modules/addons/XPIProvider.jsm:2270 < GeckoDriver.prototype.quit()@driver.js:3381 < despatch()@server.js:560 < execute()@server.js:534 < onPacket/<()@server.js:509 < onPacket()@server.js:508 < _onJSONObjectReady/<()@transport.js:500
[Child 13138, Chrome_ChildThread] WARNING: pipe error (19): Connection reset by peer: file /build/firefox-iXzMln/firefox-58.0+build6/ipc/chromium/src/chrome/common/ipc_channel_posix.cc, line 353
[Child 13138, Chrome_ChildThread] WARNING: pipe error (3): Connection reset by peer: file /build/firefox-iXzMln/firefox-58.0+build6/ipc/chromium/src/chrome/common/ipc_channel_posix.cc, line 353
1518017809967	geckodriver	INFO	geckodriver 0.19.1
1518017809969	geckodriver	INFO	Listening on 127.0.0.1:43867
1518017811071	mozrunner::runner	INFO	Running command: "/usr/bin/firefox" "-marionette" "-profile" "/tmp/rust_mozprofile.c9F1T935qAfJ"
1518017812032	Marionette	INFO	Enabled via --marionette
1518017815181	Marionette	INFO	Listening on port 35589
1518017815192	Marionette	WARN	TLS certificate errors will be ignored for this session
console.error: PushService: 
  stateChangeProcessEnqueue: Error transitioning state
  UnknownError
[Child 13353, Chrome_ChildThread] WARNING: pipe error (3): Connection reset by peer: file /build/firefox-iXzMln/firefox-58.0+build6/ipc/chromium/src/chrome/common/ipc_channel_posix.cc, line 353
1518017841580	geckodriver	INFO	geckodriver 0.19.1
1518017841582	geckodriver	INFO	Listening on 127.0.0.1:43901
1518017842699	mozrunner::runner	INFO	Running command: "/usr/bin/firefox" "-marionette" "-profile" "/tmp/rust_mozprofile.JRyfvEp9QQUy"
1518017844038	Marionette	INFO	Enabled via --marionette
1518017847150	Marionette	INFO	Listening on port 36987
1518017847215	Marionette	WARN	TLS certificate errors will be ignored for this session
console.error: PushService: 
  stateChangeProcessEnqueue: Error transitioning state
  UnknownError
1518018459455	geckodriver	INFO	geckodriver 0.19.1
1518018459458	geckodriver	INFO	Listening on 127.0.0.1:48783
1518018460568	mozrunner::runner	INFO	Running command: "/usr/bin/firefox" "-marionette" "-profile" "/tmp/rust_mozprofile.eqGu656ZVxjS"
1518018461830	Marionette	INFO	Enabled via --marionette
1518018465094	Marionette	INFO	Listening on port 46321
1518018465185	Marionette	WARN	TLS certificate errors will be ignored for this session
console.error: PushService: 
  stateChangeProcessEnqueue: Error transitioning state
  UnknownError
[Child 14131, Chrome_ChildThread] WARNING: pipe error (23): Connection reset by peer: file /build/firefox-iXzMln/firefox-58.0+build6/ipc/chromium/src/chrome/common/ipc_channel_posix.cc, line 353
[Child 14131, Chrome_ChildThread] WARNING: pipe error (3): Connection reset by peer: file /build/firefox-iXzMln/firefox-58.0+build6/ipc/chromium/src/chrome/common/ipc_channel_posix.cc, line 353
[GFX1-]: Receive IPC close with reason=AbnormalShutdown
1518018613917	geckodriver	INFO	geckodriver 0.19.1
1518018613920	geckodriver	INFO	Listening on 127.0.0.1:47099
1518018615011	mozrunner::runner	INFO	Running command: "/usr/bin/firefox" "-marionette" "-profile" "/tmp/rust_mozprofile.0I96NpODMpY9"
1518018616493	Marionette	INFO	Enabled via --marionette
1518018619721	Marionette	INFO	Listening on port 45559
1518018619736	Marionette	WARN	TLS certificate errors will be ignored for this session
console.error: PushService: 
  stateChangeProcessEnqueue: Error transitioning state
  UnknownError
[Child 14429, Chrome_ChildThread] WARNING: pipe error (23): Connection reset by peer: file /build/firefox-iXzMln/firefox-58.0+build6/ipc/chromium/src/chrome/common/ipc_channel_posix.cc, line 353
1518019011760	geckodriver	INFO	geckodriver 0.19.1
1518019011763	geckodriver	INFO	Listening on 127.0.0.1:53101
1518019012850	mozrunner::runner	INFO	Running command: "/usr/bin/firefox" "-marionette" "-profile" "/tmp/rust_mozprofile.yEOxK6sGMXZb"
1518019013798	Marionette	INFO	Enabled via --marionette
1518019017045	Marionette	INFO	Listening on port 42985
1518019017063	Marionette	WARN	TLS certificate errors will be ignored for this session
console.error: PushService: 
  stateChangeProcessEnqueue: Error transitioning state
  UnknownError
[Child 14814, Chrome_ChildThread] WARNING: pipe error (23): Connection reset by peer: file /build/firefox-iXzMln/firefox-58.0+build6/ipc/chromium/src/chrome/common/ipc_channel_posix.cc, line 353
[Child 14814, Chrome_ChildThread] WARNING: pipe error (3): Connection reset by peer: file /build/firefox-iXzMln/firefox-58.0+build6/ipc/chromium/src/chrome/common/ipc_channel_posix.cc, line 353
1518019122733	geckodriver	INFO	geckodriver 0.19.1
1518019122735	geckodriver	INFO	Listening on 127.0.0.1:35601
1518019123819	mozrunner::runner	INFO	Running command: "/usr/bin/firefox" "-marionette" "-profile" "/tmp/rust_mozprofile.DFpCV1Oqp96P"
1518019124699	Marionette	INFO	Enabled via --marionette
1518019127779	Marionette	INFO	Listening on port 35623
1518019127839	Marionette	WARN	TLS certificate errors will be ignored for this session
console.error: PushService: 
  stateChangeProcessEnqueue: Error transitioning state
  UnknownError
[Child 15065, Chrome_ChildThread] WARNING: pipe error (19): Connection reset by peer: file /build/firefox-iXzMln/firefox-58.0+build6/ipc/chromium/src/chrome/common/ipc_channel_posix.cc, line 353
[Child 15065, Chrome_ChildThread] WARNING: pipe error (3): Connection reset by peer: file /build/firefox-iXzMln/firefox-58.0+build6/ipc/chromium/src/chrome/common/ipc_channel_posix.cc, line 353
1518019203949	geckodriver	INFO	geckodriver 0.19.1
1518019203952	geckodriver	INFO	Listening on 127.0.0.1:47479
1518019205069	mozrunner::runner	INFO	Running command: "/usr/bin/firefox" "-marionette" "-profile" "/tmp/rust_mozprofile.XoFLqAStVCD4"
1518019206201	Marionette	INFO	Enabled via --marionette
1518019209367	Marionette	INFO	Listening on port 40157
1518019209400	Marionette	WARN	TLS certificate errors will be ignored for this session
console.error: PushService: 
  stateChangeProcessEnqueue: Error transitioning state
  UnknownError
[Child 15305, Chrome_ChildThread] WARNING: pipe error (19): Connection reset by peer: file /build/firefox-iXzMln/firefox-58.0+build6/ipc/chromium/src/chrome/common/ipc_channel_posix.cc, line 353
[Child 15305, Chrome_ChildThread] WARNING: pipe error (3): Connection reset by peer: file /build/firefox-iXzMln/firefox-58.0+build6/ipc/chromium/src/chrome/common/ipc_channel_posix.cc, line 353
1518019301036	geckodriver	INFO	geckodriver 0.19.1
1518019301039	geckodriver	INFO	Listening on 127.0.0.1:40451
1518019302156	mozrunner::runner	INFO	Running command: "/usr/bin/firefox" "-marionette" "-profile" "/tmp/rust_mozprofile.AlBwR7Y7HTjt"
1518019303279	Marionette	INFO	Enabled via --marionette
1518019306330	Marionette	INFO	Listening on port 36269
1518019306371	Marionette	WARN	TLS certificate errors will be ignored for this session
console.error: PushService: 
  stateChangeProcessEnqueue: Error transitioning state
  UnknownError
[Child 15534, Chrome_ChildThread] WARNING: pipe error (23): Connection reset by peer: file /build/firefox-iXzMln/firefox-58.0+build6/ipc/chromium/src/chrome/common/ipc_channel_posix.cc, line 353
[Child 15534, Chrome_ChildThread] WARNING: pipe error (3): Connection reset by peer: file /build/firefox-iXzMln/firefox-58.0+build6/ipc/chromium/src/chrome/common/ipc_channel_posix.cc, line 353
1518360332825	geckodriver	INFO	geckodriver 0.19.1
1518360332841	geckodriver	INFO	Listening on 127.0.0.1:33615
1518360333958	mozrunner::runner	INFO	Running command: "/usr/bin/firefox" "-marionette" "-profile" "/tmp/rust_mozprofile.MH1XtajPmTCM"
1518360339038	Marionette	INFO	Enabled via --marionette
1518360343836	Marionette	INFO	Listening on port 42563
console.error: PushService: 
  stateChangeProcessEnqueue: Error transitioning state
  UnknownError
1518360343962	Marionette	WARN	TLS certificate errors will be ignored for this session
[Child 4080, Chrome_ChildThread] WARNING: pipe error (23): Connection reset by peer: file /build/firefox-iXzMln/firefox-58.0+build6/ipc/chromium/src/chrome/common/ipc_channel_posix.cc, line 353
[Child 4080, Chrome_ChildThread] WARNING: pipe error (3): Connection reset by peer: file /build/firefox-iXzMln/firefox-58.0+build6/ipc/chromium/src/chrome/common/ipc_channel_posix.cc, line 353
1518360348393	geckodriver	INFO	geckodriver 0.19.1
1518360348397	geckodriver	INFO	Listening on 127.0.0.1:60409
1518360349485	mozrunner::runner	INFO	Running command: "/usr/bin/firefox" "-marionette" "-profile" "/tmp/rust_mozprofile.AO5pHHKMxEGM"
1518360350372	Marionette	INFO	Enabled via --marionette
1518360353595	Marionette	INFO	Listening on port 45175
1518360353706	Marionette	WARN	TLS certificate errors will be ignored for this session
console.error: PushService: 
  stateChangeProcessEnqueue: Error transitioning state
  UnknownError
[Child 4275, Chrome_ChildThread] WARNING: pipe error (19): Connection reset by peer: file /build/firefox-iXzMln/firefox-58.0+build6/ipc/chromium/src/chrome/common/ipc_channel_posix.cc, line 353
[Child 4275, Chrome_ChildThread] WARNING: pipe error (3): Connection reset by peer: file /build/firefox-iXzMln/firefox-58.0+build6/ipc/chromium/src/chrome/common/ipc_channel_posix.cc, line 353
1518360637565	geckodriver	INFO	geckodriver 0.19.1
1518360637567	geckodriver	INFO	Listening on 127.0.0.1:57811
1518360638655	mozrunner::runner	INFO	Running command: "/usr/bin/firefox" "-marionette" "-profile" "/tmp/rust_mozprofile.GaK7Xh7pFVVO"
1518360639703	Marionette	INFO	Enabled via --marionette
1518360642780	Marionette	INFO	Listening on port 39719
1518360642868	Marionette	WARN	TLS certificate errors will be ignored for this session
console.error: PushService: 
  stateChangeProcessEnqueue: Error transitioning state
  UnknownError
[Child 4690, Chrome_ChildThread] WARNING: pipe error (19): Connection reset by peer: file /build/firefox-iXzMln/firefox-58.0+build6/ipc/chromium/src/chrome/common/ipc_channel_posix.cc, line 353
[Child 4690, Chrome_ChildThread] WARNING: pipe error (35): Connection reset by peer: file /build/firefox-iXzMln/firefox-58.0+build6/ipc/chromium/src/chrome/common/ipc_channel_posix.cc, line 353
[Child 4690, Chrome_ChildThread] WARNING: pipe error (3): Connection reset by peer: file /build/firefox-iXzMln/firefox-58.0+build6/ipc/chromium/src/chrome/common/ipc_channel_posix.cc, line 353
1518360655826	geckodriver	INFO	geckodriver 0.19.1
1518360655830	geckodriver	INFO	Listening on 127.0.0.1:32849
1518360656960	mozrunner::runner	INFO	Running command: "/usr/bin/firefox" "-marionette" "-profile" "/tmp/rust_mozprofile.Gzu4hYRDAy0Q"
1518360658071	Marionette	INFO	Enabled via --marionette
1518360661278	Marionette	INFO	Listening on port 43809
1518360661373	Marionette	WARN	TLS certificate errors will be ignored for this session
console.error: PushService: 
  stateChangeProcessEnqueue: Error transitioning state
  UnknownError
[Child 4890, Chrome_ChildThread] WARNING: pipe error (23): Connection reset by peer: file /build/firefox-iXzMln/firefox-58.0+build6/ipc/chromium/src/chrome/common/ipc_channel_posix.cc, line 353
[Child 4890, Chrome_ChildThread] WARNING: pipe error (3): Connection reset by peer: file /build/firefox-iXzMln/firefox-58.0+build6/ipc/chromium/src/chrome/common/ipc_channel_posix.cc, line 353
1518360717006	geckodriver	INFO	geckodriver 0.19.1
1518360717008	geckodriver	INFO	Listening on 127.0.0.1:42499
1518360718099	mozrunner::runner	INFO	Running command: "/usr/bin/firefox" "-marionette" "-profile" "/tmp/rust_mozprofile.QbGew1RG3RNO"
1518360719112	Marionette	INFO	Enabled via --marionette
1518360722393	Marionette	INFO	Listening on port 40697
1518360722412	Marionette	WARN	TLS certificate errors will be ignored for this session
console.error: PushService: 
  stateChangeProcessEnqueue: Error transitioning state
  UnknownError
[Child 5111, Chrome_ChildThread] WARNING: pipe error (23): Connection reset by peer: file /build/firefox-iXzMln/firefox-58.0+build6/ipc/chromium/src/chrome/common/ipc_channel_posix.cc, line 353
[Child 5111, Chrome_ChildThread] WARNING: pipe error (3): Connection reset by peer: file /build/firefox-iXzMln/firefox-58.0+build6/ipc/chromium/src/chrome/common/ipc_channel_posix.cc, line 353
1518360735020	geckodriver	INFO	geckodriver 0.19.1
1518360735024	geckodriver	INFO	Listening on 127.0.0.1:55975
1518360736112	mozrunner::runner	INFO	Running command: "/usr/bin/firefox" "-marionette" "-profile" "/tmp/rust_mozprofile.IHDTmy6Bfxi7"
1518360737027	Marionette	INFO	Enabled via --marionette
1518360740102	Marionette	INFO	Listening on port 43767
1518360740134	Marionette	WARN	TLS certificate errors will be ignored for this session
console.error: PushService: 
  stateChangeProcessEnqueue: Error transitioning state
  UnknownError
[Child 5323, Chrome_ChildThread] WARNING: pipe error (23): Connection reset by peer: file /build/firefox-iXzMln/firefox-58.0+build6/ipc/chromium/src/chrome/common/ipc_channel_posix.cc, line 353
[Child 5323, Chrome_ChildThread] WARNING: pipe error (3): Connection reset by peer: file /build/firefox-iXzMln/firefox-58.0+build6/ipc/chromium/src/chrome/common/ipc_channel_posix.cc, line 353
1518361136761	geckodriver	INFO	geckodriver 0.19.1
1518361136764	geckodriver	INFO	Listening on 127.0.0.1:58085
1518361137849	mozrunner::runner	INFO	Running command: "/usr/bin/firefox" "-marionette" "-profile" "/tmp/rust_mozprofile.ystjDZRsNKvs"
1518361138937	Marionette	INFO	Enabled via --marionette
1518361142024	Marionette	INFO	Listening on port 33621
1518361142068	Marionette	WARN	TLS certificate errors will be ignored for this session
console.error: PushService: 
  stateChangeProcessEnqueue: Error transitioning state
  UnknownError
[Child 5995, Chrome_ChildThread] WARNING: pipe error (19): Connection reset by peer: file /build/firefox-iXzMln/firefox-58.0+build6/ipc/chromium/src/chrome/common/ipc_channel_posix.cc, line 353
[Child 5995, Chrome_ChildThread] WARNING: pipe error (3): Connection reset by peer: file /build/firefox-iXzMln/firefox-58.0+build6/ipc/chromium/src/chrome/common/ipc_channel_posix.cc, line 353
1518361157474	geckodriver	INFO	geckodriver 0.19.1
1518361157477	geckodriver	INFO	Listening on 127.0.0.1:34621
1518361158566	mozrunner::runner	INFO	Running command: "/usr/bin/firefox" "-marionette" "-profile" "/tmp/rust_mozprofile.DziSw6pPq9Pn"
1518361159765	Marionette	INFO	Enabled via --marionette
1518361162932	Marionette	INFO	Listening on port 46239
1518361162984	Marionette	WARN	TLS certificate errors will be ignored for this session
console.error: PushService: 
  stateChangeProcessEnqueue: Error transitioning state
  UnknownError
[Child 6196, Chrome_ChildThread] WARNING: pipe error (19): Connection reset by peer: file /build/firefox-iXzMln/firefox-58.0+build6/ipc/chromium/src/chrome/common/ipc_channel_posix.cc, line 353
[Child 6196, Chrome_ChildThread] WARNING: pipe error (3): Connection reset by peer: file /build/firefox-iXzMln/firefox-58.0+build6/ipc/chromium/src/chrome/common/ipc_channel_posix.cc, line 353
1518361167852	geckodriver	INFO	geckodriver 0.19.1
1518361167857	geckodriver	INFO	Listening on 127.0.0.1:42543
1518361168945	mozrunner::runner	INFO	Running command: "/usr/bin/firefox" "-marionette" "-profile" "/tmp/rust_mozprofile.vjuik2Bzj71g"
1518361169841	Marionette	INFO	Enabled via --marionette
1518361172907	Marionette	INFO	Listening on port 40393
1518361172962	Marionette	WARN	TLS certificate errors will be ignored for this session
1518361173127	addons.xpi	WARN	Exception running bootstrap method shutdown on activity-stream@mozilla.org: [Exception... "Component returned failure code: 0x80004005 (NS_ERROR_FAILURE) [nsIObserverService.removeObserver]"  nsresult: "0x80004005 (NS_ERROR_FAILURE)"  location: "JS frame :: resource://activity-stream/lib/SnippetsFeed.jsm :: uninit :: line 125"  data: no] Stack trace: uninit()@resource://activity-stream/lib/SnippetsFeed.jsm:125 < onAction()@resource://activity-stream/lib/SnippetsFeed.jsm:141 < _middleware/</<()@resource://activity-stream/lib/Store.jsm:51 < Store/this[method]()@resource://activity-stream/lib/Store.jsm:30 < uninit()@resource://activity-stream/lib/Store.jsm:153 < uninit()@resource://activity-stream/lib/ActivityStream.jsm:278 < uninit()@resource://gre/modules/addons/XPIProvider.jsm -> jar:file:///usr/lib/firefox/browser/features/activity-stream@mozilla.org.xpi!/bootstrap.js:80 < shutdown()@resource://gre/modules/addons/XPIProvider.jsm -> jar:file:///usr/lib/firefox/browser/features/activity-stream@mozilla.org.xpi!/bootstrap.js:196 < callBootstrapMethod()@resource://gre/modules/addons/XPIProvider.jsm:4406 < observe()@resource://gre/modules/addons/XPIProvider.jsm:2270 < GeckoDriver.prototype.quit()@driver.js:3381 < despatch()@server.js:560 < execute()@server.js:534 < onPacket/<()@server.js:509 < onPacket()@server.js:508 < _onJSONObjectReady/<()@transport.js:500
[Child 6393, Chrome_ChildThread] WARNING: pipe error (19): Connection reset by peer: file /build/firefox-iXzMln/firefox-58.0+build6/ipc/chromium/src/chrome/common/ipc_channel_posix.cc, line 353
[Child 6393, Chrome_ChildThread] WARNING: pipe error (3): Connection reset by peer: file /build/firefox-iXzMln/firefox-58.0+build6/ipc/chromium/src/chrome/common/ipc_channel_posix.cc, line 353
1518361241671	geckodriver	INFO	geckodriver 0.19.1
1518361241674	geckodriver	INFO	Listening on 127.0.0.1:37907
1518361242766	mozrunner::runner	INFO	Running command: "/usr/bin/firefox" "-marionette" "-profile" "/tmp/rust_mozprofile.WmBA6TqEc2p5"
1518361243611	Marionette	INFO	Enabled via --marionette
1518361246911	Marionette	INFO	Listening on port 39561
1518361246978	Marionette	WARN	TLS certificate errors will be ignored for this session
console.error: PushService: 
  stateChangeProcessEnqueue: Error transitioning state
  UnknownError
[Child 6631, Chrome_ChildThread] WARNING: pipe error (23): Connection reset by peer: file /build/firefox-iXzMln/firefox-58.0+build6/ipc/chromium/src/chrome/common/ipc_channel_posix.cc, line 353
[Child 6631, Chrome_ChildThread] WARNING: pipe error (3): Connection reset by peer: file /build/firefox-iXzMln/firefox-58.0+build6/ipc/chromium/src/chrome/common/ipc_channel_posix.cc, line 353
[GFX1-]: Receive IPC close with reason=AbnormalShutdown
1518361252465	geckodriver	INFO	geckodriver 0.19.1
1518361252470	geckodriver	INFO	Listening on 127.0.0.1:50931
1518361253551	mozrunner::runner	INFO	Running command: "/usr/bin/firefox" "-marionette" "-profile" "/tmp/rust_mozprofile.0ipLxZDzDin6"
1518361254492	Marionette	INFO	Enabled via --marionette
1518361257701	Marionette	INFO	Listening on port 41585
1518361257764	Marionette	WARN	TLS certificate errors will be ignored for this session
console.error: PushService: 
  stateChangeProcessEnqueue: Error transitioning state
  UnknownError
[Child 6828, Chrome_ChildThread] WARNING: pipe error (3): Connection reset by peer: file /build/firefox-iXzMln/firefox-58.0+build6/ipc/chromium/src/chrome/common/ipc_channel_posix.cc, line 353
[GFX1-]: Receive IPC close with reason=AbnormalShutdown
1518361261747	geckodriver	INFO	geckodriver 0.19.1
1518361261752	geckodriver	INFO	Listening on 127.0.0.1:59741
1518361262842	mozrunner::runner	INFO	Running command: "/usr/bin/firefox" "-marionette" "-profile" "/tmp/rust_mozprofile.elg4qFUCC8Dy"
1518361263670	Marionette	INFO	Enabled via --marionette
1518361266811	Marionette	INFO	Listening on port 37653
1518361266865	Marionette	WARN	TLS certificate errors will be ignored for this session
1518361267049	addons.xpi	WARN	Exception running bootstrap method shutdown on activity-stream@mozilla.org: [Exception... "Component returned failure code: 0x80004005 (NS_ERROR_FAILURE) [nsIObserverService.removeObserver]"  nsresult: "0x80004005 (NS_ERROR_FAILURE)"  location: "JS frame :: resource://activity-stream/lib/SnippetsFeed.jsm :: uninit :: line 125"  data: no] Stack trace: uninit()@resource://activity-stream/lib/SnippetsFeed.jsm:125 < onAction()@resource://activity-stream/lib/SnippetsFeed.jsm:141 < _middleware/</<()@resource://activity-stream/lib/Store.jsm:51 < Store/this[method]()@resource://activity-stream/lib/Store.jsm:30 < uninit()@resource://activity-stream/lib/Store.jsm:153 < uninit()@resource://activity-stream/lib/ActivityStream.jsm:278 < uninit()@resource://gre/modules/addons/XPIProvider.jsm -> jar:file:///usr/lib/firefox/browser/features/activity-stream@mozilla.org.xpi!/bootstrap.js:80 < shutdown()@resource://gre/modules/addons/XPIProvider.jsm -> jar:file:///usr/lib/firefox/browser/features/activity-stream@mozilla.org.xpi!/bootstrap.js:196 < callBootstrapMethod()@resource://gre/modules/addons/XPIProvider.jsm:4406 < observe()@resource://gre/modules/addons/XPIProvider.jsm:2270 < GeckoDriver.prototype.quit()@driver.js:3381 < despatch()@server.js:560 < execute()@server.js:534 < onPacket/<()@server.js:509 < onPacket()@server.js:508 < _onJSONObjectReady/<()@transport.js:500
[Child 7028, Chrome_ChildThread] WARNING: pipe error (23): Connection reset by peer: file /build/firefox-iXzMln/firefox-58.0+build6/ipc/chromium/src/chrome/common/ipc_channel_posix.cc, line 353
[Child 7028, Chrome_ChildThread] WARNING: pipe error (3): Connection reset by peer: file /build/firefox-iXzMln/firefox-58.0+build6/ipc/chromium/src/chrome/common/ipc_channel_posix.cc, line 353
1518361326881	geckodriver	INFO	geckodriver 0.19.1
1518361326884	geckodriver	INFO	Listening on 127.0.0.1:41961
1518361327975	mozrunner::runner	INFO	Running command: "/usr/bin/firefox" "-marionette" "-profile" "/tmp/rust_mozprofile.wK0hqofYPCuc"
1518361329142	Marionette	INFO	Enabled via --marionette
1518361332314	Marionette	INFO	Listening on port 41465
1518361332388	Marionette	WARN	TLS certificate errors will be ignored for this session
console.error: PushService: 
  stateChangeProcessEnqueue: Error transitioning state
  UnknownError
[Child 7255, Chrome_ChildThread] WARNING: pipe error (19): Connection reset by peer: file /build/firefox-iXzMln/firefox-58.0+build6/ipc/chromium/src/chrome/common/ipc_channel_posix.cc, line 353
[Child 7255, Chrome_ChildThread] WARNING: pipe error (3): Connection reset by peer: file /build/firefox-iXzMln/firefox-58.0+build6/ipc/chromium/src/chrome/common/ipc_channel_posix.cc, line 353
1518361337778	geckodriver	INFO	geckodriver 0.19.1
1518361337781	geckodriver	INFO	Listening on 127.0.0.1:51927
1518361338871	mozrunner::runner	INFO	Running command: "/usr/bin/firefox" "-marionette" "-profile" "/tmp/rust_mozprofile.pGAl4DD3J2zD"
1518361339844	Marionette	INFO	Enabled via --marionette
1518361343031	Marionette	INFO	Listening on port 45893
1518361343085	Marionette	WARN	TLS certificate errors will be ignored for this session
console.error: PushService: 
  stateChangeProcessEnqueue: Error transitioning state
  UnknownError
[Child 7450, Chrome_ChildThread] WARNING: pipe error (21): Connection reset by peer: file /build/firefox-iXzMln/firefox-58.0+build6/ipc/chromium/src/chrome/common/ipc_channel_posix.cc, line 353
[Child 7450, Chrome_ChildThread] WARNING: pipe error (3): Connection reset by peer: file /build/firefox-iXzMln/firefox-58.0+build6/ipc/chromium/src/chrome/common/ipc_channel_posix.cc, line 353
1518361348021	geckodriver	INFO	geckodriver 0.19.1
1518361348025	geckodriver	INFO	Listening on 127.0.0.1:41853
1518361349114	mozrunner::runner	INFO	Running command: "/usr/bin/firefox" "-marionette" "-profile" "/tmp/rust_mozprofile.kQZ3735aC9jx"
1518361350056	Marionette	INFO	Enabled via --marionette
1518361353428	Marionette	INFO	Listening on port 32999
1518361353534	Marionette	WARN	TLS certificate errors will be ignored for this session
1518361353690	addons.xpi	WARN	Exception running bootstrap method shutdown on activity-stream@mozilla.org: [Exception... "Component returned failure code: 0x80004005 (NS_ERROR_FAILURE) [nsIObserverService.removeObserver]"  nsresult: "0x80004005 (NS_ERROR_FAILURE)"  location: "JS frame :: resource://activity-stream/lib/SnippetsFeed.jsm :: uninit :: line 125"  data: no] Stack trace: uninit()@resource://activity-stream/lib/SnippetsFeed.jsm:125 < onAction()@resource://activity-stream/lib/SnippetsFeed.jsm:141 < _middleware/</<()@resource://activity-stream/lib/Store.jsm:51 < Store/this[method]()@resource://activity-stream/lib/Store.jsm:30 < uninit()@resource://activity-stream/lib/Store.jsm:153 < uninit()@resource://activity-stream/lib/ActivityStream.jsm:278 < uninit()@resource://gre/modules/addons/XPIProvider.jsm -> jar:file:///usr/lib/firefox/browser/features/activity-stream@mozilla.org.xpi!/bootstrap.js:80 < shutdown()@resource://gre/modules/addons/XPIProvider.jsm -> jar:file:///usr/lib/firefox/browser/features/activity-stream@mozilla.org.xpi!/bootstrap.js:196 < callBootstrapMethod()@resource://gre/modules/addons/XPIProvider.jsm:4406 < observe()@resource://gre/modules/addons/XPIProvider.jsm:2270 < GeckoDriver.prototype.quit()@driver.js:3381 < despatch()@server.js:560 < execute()@server.js:534 < onPacket/<()@server.js:509 < onPacket()@server.js:508 < _onJSONObjectReady/<()@transport.js:500
[Child 7644, Chrome_ChildThread] WARNING: pipe error (19): Connection reset by peer: file /build/firefox-iXzMln/firefox-58.0+build6/ipc/chromium/src/chrome/common/ipc_channel_posix.cc, line 353
[Child 7644, Chrome_ChildThread] WARNING: pipe error (3): Connection reset by peer: file /build/firefox-iXzMln/firefox-58.0+build6/ipc/chromium/src/chrome/common/ipc_channel_posix.cc, line 353
[GFX1-]: Receive IPC close with reason=AbnormalShutdown
1518362140018	geckodriver	INFO	geckodriver 0.19.1
1518362140021	geckodriver	INFO	Listening on 127.0.0.1:42397
1518362141111	mozrunner::runner	INFO	Running command: "/usr/bin/firefox" "-marionette" "-profile" "/tmp/rust_mozprofile.NXrIVvQOAOqI"
1518362142195	Marionette	INFO	Enabled via --marionette
1518362145318	Marionette	INFO	Listening on port 43339
1518362145327	Marionette	WARN	TLS certificate errors will be ignored for this session
console.error: PushService: 
  stateChangeProcessEnqueue: Error transitioning state
  UnknownError
[Child 8422, Chrome_ChildThread] WARNING: pipe error (23): Connection reset by peer: file /build/firefox-iXzMln/firefox-58.0+build6/ipc/chromium/src/chrome/common/ipc_channel_posix.cc, line 353
[Child 8422, Chrome_ChildThread] WARNING: pipe error (3): Connection reset by peer: file /build/firefox-iXzMln/firefox-58.0+build6/ipc/chromium/src/chrome/common/ipc_channel_posix.cc, line 353
1518362151368	geckodriver	INFO	geckodriver 0.19.1
1518362151373	geckodriver	INFO	Listening on 127.0.0.1:40855
1518362152461	mozrunner::runner	INFO	Running command: "/usr/bin/firefox" "-marionette" "-profile" "/tmp/rust_mozprofile.ZuF9vKFFtA7h"
1518362153380	Marionette	INFO	Enabled via --marionette
1518362156438	Marionette	INFO	Listening on port 40861
1518362156475	Marionette	WARN	TLS certificate errors will be ignored for this session
console.error: PushService: 
  stateChangeProcessEnqueue: Error transitioning state
  UnknownError
[Child 8616, Chrome_ChildThread] WARNING: pipe error (19): Connection reset by peer: file /build/firefox-iXzMln/firefox-58.0+build6/ipc/chromium/src/chrome/common/ipc_channel_posix.cc, line 353
[Child 8616, Chrome_ChildThread] WARNING: pipe error (3): Connection reset by peer: file /build/firefox-iXzMln/firefox-58.0+build6/ipc/chromium/src/chrome/common/ipc_channel_posix.cc, line 353
[GFX1-]: Receive IPC close with reason=AbnormalShutdown
1518362160126	geckodriver	INFO	geckodriver 0.19.1
1518362160129	geckodriver	INFO	Listening on 127.0.0.1:44217
1518362161219	mozrunner::runner	INFO	Running command: "/usr/bin/firefox" "-marionette" "-profile" "/tmp/rust_mozprofile.RR9tuS17S9X1"
1518362162239	Marionette	INFO	Enabled via --marionette
1518362165518	Marionette	INFO	Listening on port 45463
1518362165533	Marionette	WARN	TLS certificate errors will be ignored for this session
console.error: PushService: 
  stateChangeProcessEnqueue: Error transitioning state
  UnknownError
[Child 8805, Chrome_ChildThread] WARNING: pipe error (23): Connection reset by peer: file /build/firefox-iXzMln/firefox-58.0+build6/ipc/chromium/src/chrome/common/ipc_channel_posix.cc, line 353
[Child 8805, Chrome_ChildThread] WARNING: pipe error (3): Connection reset by peer: file /build/firefox-iXzMln/firefox-58.0+build6/ipc/chromium/src/chrome/common/ipc_channel_posix.cc, line 353
1518362575027	geckodriver	INFO	geckodriver 0.19.1
1518362575031	geckodriver	INFO	Listening on 127.0.0.1:50889
1518362576154	mozrunner::runner	INFO	Running command: "/usr/bin/firefox" "-marionette" "-profile" "/tmp/rust_mozprofile.7gUVyVUj851S"
1518362577129	Marionette	INFO	Enabled via --marionette
1518362580440	Marionette	INFO	Listening on port 44917
1518362580467	Marionette	WARN	TLS certificate errors will be ignored for this session
console.error: PushService: 
  stateChangeProcessEnqueue: Error transitioning state
  UnknownError
[Child 9324, Chrome_ChildThread] WARNING: pipe error (21): Connection reset by peer: file /build/firefox-iXzMln/firefox-58.0+build6/ipc/chromium/src/chrome/common/ipc_channel_posix.cc, line 353
[Child 9324, Chrome_ChildThread] WARNING: pipe error (3): Connection reset by peer: file /build/firefox-iXzMln/firefox-58.0+build6/ipc/chromium/src/chrome/common/ipc_channel_posix.cc, line 353
1518362584671	geckodriver	INFO	geckodriver 0.19.1
1518362584674	geckodriver	INFO	Listening on 127.0.0.1:48131
1518362585791	mozrunner::runner	INFO	Running command: "/usr/bin/firefox" "-marionette" "-profile" "/tmp/rust_mozprofile.OvbO5nGwW4ZJ"
1518362586973	Marionette	INFO	Enabled via --marionette
1518362590303	Marionette	INFO	Listening on port 38199
1518362590403	Marionette	WARN	TLS certificate errors will be ignored for this session
console.error: PushService: 
  stateChangeProcessEnqueue: Error transitioning state
  UnknownError
[Child 9516, Chrome_ChildThread] WARNING: pipe error (21): Connection reset by peer: file /build/firefox-iXzMln/firefox-58.0+build6/ipc/chromium/src/chrome/common/ipc_channel_posix.cc, line 353
[Child 9516, Chrome_ChildThread] WARNING: pipe error (3): Connection reset by peer: file /build/firefox-iXzMln/firefox-58.0+build6/ipc/chromium/src/chrome/common/ipc_channel_posix.cc, line 353
1518362596058	geckodriver	INFO	geckodriver 0.19.1
1518362596064	geckodriver	INFO	Listening on 127.0.0.1:38155
1518362597154	mozrunner::runner	INFO	Running command: "/usr/bin/firefox" "-marionette" "-profile" "/tmp/rust_mozprofile.Hs89IdU785sf"
1518362598242	Marionette	INFO	Enabled via --marionette
1518362601690	Marionette	INFO	Listening on port 39377
1518362601767	Marionette	WARN	TLS certificate errors will be ignored for this session
console.error: PushService: 
  stateChangeProcessEnqueue: Error transitioning state
  UnknownError
[Child 9704, Chrome_ChildThread] WARNING: pipe error (19): Connection reset by peer: file /build/firefox-iXzMln/firefox-58.0+build6/ipc/chromium/src/chrome/common/ipc_channel_posix.cc, line 353
[Child 9704, Chrome_ChildThread] WARNING: pipe error (3): Connection reset by peer: file /build/firefox-iXzMln/firefox-58.0+build6/ipc/chromium/src/chrome/common/ipc_channel_posix.cc, line 353
1518362656465	geckodriver	INFO	geckodriver 0.19.1
1518362656468	geckodriver	INFO	Listening on 127.0.0.1:45889
1518362657563	mozrunner::runner	INFO	Running command: "/usr/bin/firefox" "-marionette" "-profile" "/tmp/rust_mozprofile.GwVBiXWkcfaw"
1518362658578	Marionette	INFO	Enabled via --marionette
1518362661825	Marionette	INFO	Listening on port 33779
1518362661887	Marionette	WARN	TLS certificate errors will be ignored for this session
console.error: PushService: 
  stateChangeProcessEnqueue: Error transitioning state
  UnknownError
[Child 9950, Chrome_ChildThread] WARNING: pipe error (23): Connection reset by peer: file /build/firefox-iXzMln/firefox-58.0+build6/ipc/chromium/src/chrome/common/ipc_channel_posix.cc, line 353
[Child 9950, Chrome_ChildThread] WARNING: pipe error (3): Connection reset by peer: file /build/firefox-iXzMln/firefox-58.0+build6/ipc/chromium/src/chrome/common/ipc_channel_posix.cc, line 353
1518362674389	geckodriver	INFO	geckodriver 0.19.1
1518362674392	geckodriver	INFO	Listening on 127.0.0.1:56687
1518362675485	mozrunner::runner	INFO	Running command: "/usr/bin/firefox" "-marionette" "-profile" "/tmp/rust_mozprofile.GuZBZ5DO3p5O"
1518362676432	Marionette	INFO	Enabled via --marionette
1518362679539	Marionette	INFO	Listening on port 43281
1518362679597	Marionette	WARN	TLS certificate errors will be ignored for this session
console.error: PushService: 
  stateChangeProcessEnqueue: Error transitioning state
  UnknownError
[Child 10143, Chrome_ChildThread] WARNING: pipe error (23): Connection reset by peer: file /build/firefox-iXzMln/firefox-58.0+build6/ipc/chromium/src/chrome/common/ipc_channel_posix.cc, line 353
[Child 10143, Chrome_ChildThread] WARNING: pipe error (35): Connection reset by peer: file /build/firefox-iXzMln/firefox-58.0+build6/ipc/chromium/src/chrome/common/ipc_channel_posix.cc, line 353
[Child 10143, Chrome_ChildThread] WARNING: pipe error (3): Connection reset by peer: file /build/firefox-iXzMln/firefox-58.0+build6/ipc/chromium/src/chrome/common/ipc_channel_posix.cc, line 353
1518362748523	geckodriver	INFO	geckodriver 0.19.1
1518362748526	geckodriver	INFO	Listening on 127.0.0.1:49013
1518362749617	mozrunner::runner	INFO	Running command: "/usr/bin/firefox" "-marionette" "-profile" "/tmp/rust_mozprofile.Per1tGjLJ82C"
1518362750589	Marionette	INFO	Enabled via --marionette
1518362753852	Marionette	INFO	Listening on port 45111
1518362753930	Marionette	WARN	TLS certificate errors will be ignored for this session
console.error: PushService: 
  stateChangeProcessEnqueue: Error transitioning state
  UnknownError
[Child 10386, Chrome_ChildThread] WARNING: pipe error (3): Connection reset by peer: file /build/firefox-iXzMln/firefox-58.0+build6/ipc/chromium/src/chrome/common/ipc_channel_posix.cc, line 353
1518362766322	geckodriver	INFO	geckodriver 0.19.1
1518362766325	geckodriver	INFO	Listening on 127.0.0.1:58411
1518362767442	mozrunner::runner	INFO	Running command: "/usr/bin/firefox" "-marionette" "-profile" "/tmp/rust_mozprofile.wqxFIgOZ1NQi"
1518362768518	Marionette	INFO	Enabled via --marionette
1518362771640	Marionette	INFO	Listening on port 43731
1518362771661	Marionette	WARN	TLS certificate errors will be ignored for this session
console.error: PushService: 
  stateChangeProcessEnqueue: Error transitioning state
  UnknownError
[Child 10580, Chrome_ChildThread] WARNING: pipe error (19): Connection reset by peer: file /build/firefox-iXzMln/firefox-58.0+build6/ipc/chromium/src/chrome/common/ipc_channel_posix.cc, line 353
[Child 10580, Chrome_ChildThread] WARNING: pipe error (3): Connection reset by peer: file /build/firefox-iXzMln/firefox-58.0+build6/ipc/chromium/src/chrome/common/ipc_channel_posix.cc, line 353
1518362898699	geckodriver	INFO	geckodriver 0.19.1
1518362898702	geckodriver	INFO	Listening on 127.0.0.1:38609
1518362899788	mozrunner::runner	INFO	Running command: "/usr/bin/firefox" "-marionette" "-profile" "/tmp/rust_mozprofile.tVl7LbDNvE8G"
1518362900736	Marionette	INFO	Enabled via --marionette
1518362903953	Marionette	INFO	Listening on port 34269
1518362904007	Marionette	WARN	TLS certificate errors will be ignored for this session
console.error: PushService: 
  stateChangeProcessEnqueue: Error transitioning state
  UnknownError
[Child 10875, Chrome_ChildThread] WARNING: pipe error (23): Connection reset by peer: file /build/firefox-iXzMln/firefox-58.0+build6/ipc/chromium/src/chrome/common/ipc_channel_posix.cc, line 353
[Child 10875, Chrome_ChildThread] WARNING: pipe error (3): Connection reset by peer: file /build/firefox-iXzMln/firefox-58.0+build6/ipc/chromium/src/chrome/common/ipc_channel_posix.cc, line 353
1518362909362	geckodriver	INFO	geckodriver 0.19.1
1518362909367	geckodriver	INFO	Listening on 127.0.0.1:38605
1518362910483	mozrunner::runner	INFO	Running command: "/usr/bin/firefox" "-marionette" "-profile" "/tmp/rust_mozprofile.APnxuxHbbJrN"
1518362911527	Marionette	INFO	Enabled via --marionette
1518362914790	Marionette	INFO	Listening on port 39025
1518362914805	Marionette	WARN	TLS certificate errors will be ignored for this session
console.error: PushService: 
  stateChangeProcessEnqueue: Error transitioning state
  UnknownError
1518362917524	addons.xpi	WARN	Exception running bootstrap method shutdown on activity-stream@mozilla.org: [Exception... "Component returned failure code: 0x80004005 (NS_ERROR_FAILURE) [nsIObserverService.removeObserver]"  nsresult: "0x80004005 (NS_ERROR_FAILURE)"  location: "JS frame :: resource://activity-stream/lib/SnippetsFeed.jsm :: uninit :: line 125"  data: no] Stack trace: uninit()@resource://activity-stream/lib/SnippetsFeed.jsm:125 < onAction()@resource://activity-stream/lib/SnippetsFeed.jsm:141 < _middleware/</<()@resource://activity-stream/lib/Store.jsm:51 < Store/this[method]()@resource://activity-stream/lib/Store.jsm:30 < uninit()@resource://activity-stream/lib/Store.jsm:153 < uninit()@resource://activity-stream/lib/ActivityStream.jsm:278 < uninit()@resource://gre/modules/addons/XPIProvider.jsm -> jar:file:///usr/lib/firefox/browser/features/activity-stream@mozilla.org.xpi!/bootstrap.js:80 < shutdown()@resource://gre/modules/addons/XPIProvider.jsm -> jar:file:///usr/lib/firefox/browser/features/activity-stream@mozilla.org.xpi!/bootstrap.js:196 < callBootstrapMethod()@resource://gre/modules/addons/XPIProvider.jsm:4406 < observe()@resource://gre/modules/addons/XPIProvider.jsm:2270 < GeckoDriver.prototype.quit()@driver.js:3381 < despatch()@server.js:560 < execute()@server.js:534 < onPacket/<()@server.js:509 < onPacket()@server.js:508 < _onJSONObjectReady/<()@transport.js:500
[Child 11069, Chrome_ChildThread] WARNING: pipe error (23): Connection reset by peer: file /build/firefox-iXzMln/firefox-58.0+build6/ipc/chromium/src/chrome/common/ipc_channel_posix.cc, line 353
[Child 11069, Chrome_ChildThread] WARNING: pipe error (3): Connection reset by peer: file /build/firefox-iXzMln/firefox-58.0+build6/ipc/chromium/src/chrome/common/ipc_channel_posix.cc, line 353
1518362917743	geckodriver	INFO	geckodriver 0.19.1
1518362917750	geckodriver	INFO	Listening on 127.0.0.1:44901
1518362918837	mozrunner::runner	INFO	Running command: "/usr/bin/firefox" "-marionette" "-profile" "/tmp/rust_mozprofile.3LYtqIFgkgaO"
1518362919666	Marionette	INFO	Enabled via --marionette
1518362922847	Marionette	INFO	Listening on port 41231
1518362922949	Marionette	WARN	TLS certificate errors will be ignored for this session
console.error: PushService: 
  stateChangeProcessEnqueue: Error transitioning state
  UnknownError
[Child 11269, Chrome_ChildThread] WARNING: pipe error (23): Connection reset by peer: file /build/firefox-iXzMln/firefox-58.0+build6/ipc/chromium/src/chrome/common/ipc_channel_posix.cc, line 353
[Child 11269, Chrome_ChildThread] WARNING: pipe error (3): Connection reset by peer: file /build/firefox-iXzMln/firefox-58.0+build6/ipc/chromium/src/chrome/common/ipc_channel_posix.cc, line 353
